#
# There is insufficient memory for the Java Runtime Environment to continue.
# Native memory allocation (malloc) failed to allocate 32744 bytes for ChunkPool::allocate
# Possible reasons:
#   The system is out of physical RAM or swap space
#   In 32 bit mode, the process size limit was hit
# Possible solutions:
#   Reduce memory load on the system
#   Increase physical memory or swap space
#   Check if swap backing store is full
#   Use 64 bit Java on a 64 bit OS
#   Decrease Java heap size (-Xmx/-Xms)
#   Decrease number of Java threads
#   Decrease Java thread stack sizes (-Xss)
#   Set larger code cache with -XX:ReservedCodeCacheSize=
# This output file may be truncated or incomplete.
#
#  Out of Memory Error (allocation.cpp:273), pid=4864, tid=5088
#
# JRE version: Java(TM) SE Runtime Environment (8.0_51-b16) (build 1.8.0_51-b16)
# Java VM: Java HotSpot(TM) 64-Bit Server VM (25.51-b03 mixed mode windows-amd64 compressed oops)
# Failed to write core dump. Minidumps are not enabled by default on client versions of Windows
#

---------------  T H R E A D  ---------------

Current thread (0x0000000053a9a800):  VMThread [stack: 0x0000000054c00000,0x0000000054d00000] [id=5088]

Stack: [0x0000000054c00000,0x0000000054d00000]
Native frames: (J=compiled Java code, j=interpreted, Vv=VM code, C=native code)
V  [jvm.dll+0x32b4ca]
V  [jvm.dll+0x2797e3]
V  [jvm.dll+0x27a479]
V  [jvm.dll+0x271765]
V  [jvm.dll+0xcb824]
V  [jvm.dll+0xcba47]
V  [jvm.dll+0xcbecc]
V  [jvm.dll+0xac45d]
V  [jvm.dll+0x2d3790]
V  [jvm.dll+0x2d3bfb]
V  [jvm.dll+0x23d040]
V  [jvm.dll+0x23b002]
V  [jvm.dll+0x3f5c00]
V  [jvm.dll+0x3f6e81]
V  [jvm.dll+0x3fadcf]
V  [jvm.dll+0x3ea7d4]
V  [jvm.dll+0x3fd366]
V  [jvm.dll+0x247e47]
V  [jvm.dll+0x2470e6]
V  [jvm.dll+0x247581]
V  [jvm.dll+0x24779e]
V  [jvm.dll+0x29846a]
C  [msvcr100.dll+0x21d9f]
C  [msvcr100.dll+0x21e3b]
C  [kernel32.dll+0x159ed]
C  [ntdll.dll+0x2c541]

JavaThread 0x0000000080414000 (nid = 10832) was being processed
Java frames: (J=compiled Java code, j=interpreted, Vv=VM code)
J 677  java.net.DualStackPlainSocketImpl.connect0(ILjava/net/InetAddress;I)I (0 bytes) @ 0x0000000002a46d1a [0x0000000002a46cc0+0x5a]
J 676 C1 java.net.DualStackPlainSocketImpl.socketConnect(Ljava/net/InetAddress;II)V (101 bytes) @ 0x0000000002a4ac74 [0x0000000002a4ab40+0x134]
J 637 C1 java.net.AbstractPlainSocketImpl.doConnect(Ljava/net/InetAddress;II)V (156 bytes) @ 0x0000000002a213fc [0x0000000002a20e80+0x57c]
J 675 C1 java.net.AbstractPlainSocketImpl.connect(Ljava/net/SocketAddress;I)V (118 bytes) @ 0x0000000002a49adc [0x0000000002a49140+0x99c]
J 564 C1 java.net.SocksSocketImpl.connect(Ljava/net/SocketAddress;I)V (1524 bytes) @ 0x00000000029e2c2c [0x00000000029d7c00+0xb02c]
J 555 C1 java.net.Socket.connect(Ljava/net/SocketAddress;I)V (248 bytes) @ 0x00000000029cff2c [0x00000000029ce7a0+0x178c]
J 556 C1 java.net.Socket.connect(Ljava/net/SocketAddress;)V (7 bytes) @ 0x00000000029d1794 [0x00000000029d1700+0x94]
j  java.net.Socket.<init>(Ljava/net/SocketAddress;Ljava/net/SocketAddress;Z)V+82
J 815 C1 java.net.Socket.<init>(Ljava/lang/String;I)V (38 bytes) @ 0x0000000002adb12c [0x0000000002adab20+0x60c]
J 814 C1 org.postgresql.core.PGStream.<init>(Ljava/lang/String;I)V (51 bytes) @ 0x0000000002ac5934 [0x0000000002ac5800+0x134]
J 813 C1 org.postgresql.core.v3.ConnectionFactoryImpl.openConnectionImpl(Ljava/lang/String;ILjava/lang/String;Ljava/lang/String;Ljava/util/Properties;Lorg/postgresql/core/Logger;)Lorg/postgresql/core/ProtocolConnection; (444 bytes) @ 0x0000000002acc2ec [0x0000000002acb280+0x106c]
J 812 C1 org.postgresql.core.ConnectionFactory.openConnection(Ljava/lang/String;ILjava/lang/String;Ljava/lang/String;Ljava/util/Properties;Lorg/postgresql/core/Logger;)Lorg/postgresql/core/ProtocolConnection; (112 bytes) @ 0x0000000002aca304 [0x0000000002ac9e40+0x4c4]
j  org.postgresql.jdbc2.AbstractJdbc2Connection.<init>(Ljava/lang/String;ILjava/lang/String;Ljava/lang/String;Ljava/util/Properties;Ljava/lang/String;)V+200
j  org.postgresql.jdbc3.AbstractJdbc3Connection.<init>(Ljava/lang/String;ILjava/lang/String;Ljava/lang/String;Ljava/util/Properties;Ljava/lang/String;)V+10
j  org.postgresql.jdbc3g.AbstractJdbc3gConnection.<init>(Ljava/lang/String;ILjava/lang/String;Ljava/lang/String;Ljava/util/Properties;Ljava/lang/String;)V+10
J 752 C1 org.postgresql.jdbc4.AbstractJdbc4Connection.<init>(Ljava/lang/String;ILjava/lang/String;Ljava/lang/String;Ljava/util/Properties;Ljava/lang/String;)V (108 bytes) @ 0x0000000002a8c364 [0x0000000002a8c2c0+0xa4]
J 740 C1 org.postgresql.Driver.connect(Ljava/lang/String;Ljava/util/Properties;)Ljava/sql/Connection; (268 bytes) @ 0x0000000002a78a7c [0x0000000002a76740+0x233c]
J 755 C1 java.sql.DriverManager.getConnection(Ljava/lang/String;Ljava/util/Properties;Ljava/lang/Class;)Ljava/sql/Connection; (349 bytes) @ 0x0000000002a913a4 [0x0000000002a8ee60+0x2544]
J 737 C1 java.sql.DriverManager.getConnection(Ljava/lang/String;Ljava/lang/String;Ljava/lang/String;)Ljava/sql/Connection; (41 bytes) @ 0x0000000002a83b8c [0x0000000002a837c0+0x3cc]
J 751 C1 pl.gov.coi.db.DatabaseConnection.<init>()V (37 bytes) @ 0x0000000002a8bb2c [0x0000000002a8b880+0x2ac]
J 736 C1 pl.gov.coi.queries.Query.getPreparedStatement(Lpl/gov/coi/queries/Query;Ljava/util/List;)Ljava/sql/PreparedStatement; (104 bytes) @ 0x0000000002a82574 [0x0000000002a82440+0x134]
J 730 C1 pl.gov.coi.queries.insertArtists.InsertArtistsQueryRx$2.onNext(Ljava/lang/Object;)V (9 bytes) @ 0x0000000002a756b4 [0x0000000002a754a0+0x214]
J 750 C1 rx.observers.SafeSubscriber.onNext(Ljava/lang/Object;)V (29 bytes) @ 0x0000000002a8b284 [0x0000000002a8b140+0x144]
J 749 C1 rx.internal.operators.OperatorSubscribeOn$1$1$1.onNext(Ljava/lang/Object;)V (15 bytes) @ 0x0000000002a8ad4c [0x0000000002a8ac40+0x10c]
J 747 C1 pl.gov.coi.queries.insertArtists.InsertArtistsQueryRx$1.call(Ljava/lang/Object;)V (9 bytes) @ 0x0000000002a8a1a4 [0x0000000002a89f60+0x244]
J 746 C1 rx.Observable.unsafeSubscribe(Lrx/Subscriber;)Lrx/Subscription; (107 bytes) @ 0x0000000002a87bcc [0x0000000002a87940+0x28c]
J 743 C1 rx.internal.schedulers.ScheduledAction.run()V (24 bytes) @ 0x0000000002a85eac [0x0000000002a85b80+0x32c]
J 668 C1 java.util.concurrent.FutureTask.run()V (126 bytes) @ 0x0000000002a45fc4 [0x0000000002a45d00+0x2c4]
J 667 C1 java.util.concurrent.ScheduledThreadPoolExecutor$ScheduledFutureTask.run()V (59 bytes) @ 0x0000000002a455c4 [0x0000000002a44fc0+0x604]
J 625 C1 java.util.concurrent.ThreadPoolExecutor.runWorker(Ljava/util/concurrent/ThreadPoolExecutor$Worker;)V (225 bytes) @ 0x0000000002a16654 [0x0000000002a15660+0xff4]
J 624 C1 java.util.concurrent.ThreadPoolExecutor$Worker.run()V (9 bytes) @ 0x0000000002a11704 [0x0000000002a11600+0x104]
J 623 C1 java.lang.Thread.run()V (17 bytes) @ 0x0000000002a11b7c [0x0000000002a11a40+0x13c]
v  ~StubRoutines::call_stub
VM_Operation (0x00000000c44ee8b0): ParallelGCFailedAllocation, mode: safepoint, requested by thread 0x0000000080764000


---------------  P R O C E S S  ---------------

Java Threads: ( => current thread )
  0x0000000080764000 
[error occurred during error reporting (printing all threads), id 0xc0000005]

VM state:at safepoint (normal execution)

VM Mutex/Monitor currently owned by a thread:  ([mutex/lock_event])
[0x000000000226d090] Threads_lock - owner thread: 0x0000000053a9a800
[0x000000000226d590] Heap_lock - owner thread: 0x0000000080764000

Heap:
 PSYoungGen      total 9216K, used 1024K [0x00000000f6600000, 0x00000000f8500000, 0x0000000100000000)
  eden space 8192K, 0% used [0x00000000f6600000,0x00000000f6600000,0x00000000f6e00000)
  from space 1024K, 100% used [0x00000000f6e00000,0x00000000f6f00000,0x00000000f6f00000)
  to   space 7680K, 0% used [0x00000000f7d80000,0x00000000f7d80000,0x00000000f8500000)
 ParOldGen       total 20480K, used 15678K [0x00000000e3200000, 0x00000000e4600000, 0x00000000f6600000)
  object space 20480K, 76% used [0x00000000e3200000,0x00000000e414fa08,0x00000000e4600000)
 Metaspace       used 5468K, capacity 5548K, committed 5760K, reserved 1056768K
  class space    used 563K, capacity 596K, committed 640K, reserved 1048576K

Card table byte_map: [0x0000000002270000,0x0000000002360000] byte_map_base: 0x0000000001b57000

Marking Bits: (ParMarkBitMap*) 0x000000006eaf4040
 Begin Bits: [0x00000000121b0000, 0x00000000128e8000)
 End Bits:   [0x00000000128e8000, 0x0000000013020000)

Polling page: 0x0000000000240000

CodeCache: size=245760Kb used=3563Kb max_used=3575Kb free=242196Kb
 bounds [0x0000000002790000, 0x0000000002b20000, 0x0000000011790000]
 total_blobs=1152 nmethods=859 adapters=207
 compilation: enabled

Compilation events (10 events):
Event: 4.475 Thread 0x000000005500c000  855       4       java.lang.ref.Finalizer::register (10 bytes)
Event: 4.476 Thread 0x0000000055006800  856   !   4       java.lang.ref.Finalizer::add (41 bytes)
Event: 4.477 Thread 0x0000000055006800 nmethod 856 0x0000000002b03110 code [0x0000000002b03260, 0x0000000002b034d8]
Event: 4.478 Thread 0x000000005500c000 nmethod 855 0x0000000002b0f890 code [0x0000000002b0fa00, 0x0000000002b0fd78]
Event: 4.488 Thread 0x0000000053b05800  857       3       sun.misc.URLClassPath::getResource (83 bytes)
Event: 4.488 Thread 0x0000000055006800  858       4       java.lang.String::replace (127 bytes)
Event: 4.489 Thread 0x0000000053b05800 nmethod 857 0x0000000002b07150 code [0x0000000002b072e0, 0x0000000002b076a8]
Event: 4.500 Thread 0x0000000055006800 nmethod 858 0x0000000002b054d0 code [0x0000000002b05620, 0x0000000002b05a98]
Event: 4.560 Thread 0x0000000053b05800  859       1       java.net.SocketImpl::setSocket (6 bytes)
Event: 4.560 Thread 0x0000000053b05800 nmethod 859 0x0000000002adc750 code [0x0000000002adc8a0, 0x0000000002adc9d0]

GC Heap History (10 events):
Event: 0.606 GC heap after
Heap after GC invocations=1 (full 0):
 PSYoungGen      total 9216K, used 992K [0x00000000f6600000, 0x00000000f7000000, 0x0000000100000000)
  eden space 8192K, 0% used [0x00000000f6600000,0x00000000f6600000,0x00000000f6e00000)
  from space 1024K, 96% used [0x00000000f6e00000,0x00000000f6ef8020,0x00000000f6f00000)
  to   space 1024K, 0% used [0x00000000f6f00000,0x00000000f6f00000,0x00000000f7000000)
 ParOldGen       total 20480K, used 60K [0x00000000e3200000, 0x00000000e4600000, 0x00000000f6600000)
  object space 20480K, 0% used [0x00000000e3200000,0x00000000e320f240,0x00000000e4600000)
 Metaspace       used 3620K, capacity 4888K, committed 5120K, reserved 1056768K
  class space    used 414K, capacity 456K, committed 512K, reserved 1048576K
}
Event: 1.328 GC heap before
{Heap before GC invocations=2 (full 0):
 PSYoungGen      total 9216K, used 9179K [0x00000000f6600000, 0x00000000f7000000, 0x0000000100000000)
  eden space 8192K, 99% used [0x00000000f6600000,0x00000000f6dfec68,0x00000000f6e00000)
  from space 1024K, 96% used [0x00000000f6e00000,0x00000000f6ef8020,0x00000000f6f00000)
  to   space 1024K, 0% used [0x00000000f6f00000,0x00000000f6f00000,0x00000000f7000000)
 ParOldGen       total 20480K, used 60K [0x00000000e3200000, 0x00000000e4600000, 0x00000000f6600000)
  object space 20480K, 0% used [0x00000000e3200000,0x00000000e320f240,0x00000000e4600000)
 Metaspace       used 5171K, capacity 5292K, committed 5504K, reserved 1056768K
  class space    used 560K, capacity 596K, committed 640K, reserved 1048576K
Event: 1.337 GC heap after
Heap after GC invocations=2 (full 0):
 PSYoungGen      total 9216K, used 992K [0x00000000f6600000, 0x00000000f7000000, 0x0000000100000000)
  eden space 8192K, 0% used [0x00000000f6600000,0x00000000f6600000,0x00000000f6e00000)
  from space 1024K, 96% used [0x00000000f6f00000,0x00000000f6ff8020,0x00000000f7000000)
  to   space 1024K, 0% used [0x00000000f6e00000,0x00000000f6e00000,0x00000000f6f00000)
 ParOldGen       total 20480K, used 2969K [0x00000000e3200000, 0x00000000e4600000, 0x00000000f6600000)
  object space 20480K, 14% used [0x00000000e3200000,0x00000000e34e65d8,0x00000000e4600000)
 Metaspace       used 5171K, capacity 5292K, committed 5504K, reserved 1056768K
  class space    used 560K, capacity 596K, committed 640K, reserved 1048576K
}
Event: 3.121 GC heap before
{Heap before GC invocations=3 (full 0):
 PSYoungGen      total 9216K, used 9184K [0x00000000f6600000, 0x00000000f7000000, 0x0000000100000000)
  eden space 8192K, 100% used [0x00000000f6600000,0x00000000f6e00000,0x00000000f6e00000)
  from space 1024K, 96% used [0x00000000f6f00000,0x00000000f6ff8020,0x00000000f7000000)
  to   space 1024K, 0% used [0x00000000f6e00000,0x00000000f6e00000,0x00000000f6f00000)
 ParOldGen       total 20480K, used 2969K [0x00000000e3200000, 0x00000000e4600000, 0x00000000f6600000)
  object space 20480K, 14% used [0x00000000e3200000,0x00000000e34e65d8,0x00000000e4600000)
 Metaspace       used 5403K, capacity 5548K, committed 5760K, reserved 1056768K
  class space    used 561K, capacity 596K, committed 640K, reserved 1048576K
Event: 3.135 GC heap after
Heap after GC invocations=3 (full 0):
 PSYoungGen      total 9216K, used 1008K [0x00000000f6600000, 0x00000000f7000000, 0x0000000100000000)
  eden space 8192K, 0% used [0x00000000f6600000,0x00000000f6600000,0x00000000f6e00000)
  from space 1024K, 98% used [0x00000000f6e00000,0x00000000f6efc010,0x00000000f6f00000)
  to   space 1024K, 0% used [0x00000000f6f00000,0x00000000f6f00000,0x00000000f7000000)
 ParOldGen       total 20480K, used 7228K [0x00000000e3200000, 0x00000000e4600000, 0x00000000f6600000)
  object space 20480K, 35% used [0x00000000e3200000,0x00000000e390f138,0x00000000e4600000)
 Metaspace       used 5403K, capacity 5548K, committed 5760K, reserved 1056768K
  class space    used 561K, capacity 596K, committed 640K, reserved 1048576K
}
Event: 3.755 GC heap before
{Heap before GC invocations=4 (full 0):
 PSYoungGen      total 9216K, used 9200K [0x00000000f6600000, 0x00000000f7000000, 0x0000000100000000)
  eden space 8192K, 100% used [0x00000000f6600000,0x00000000f6e00000,0x00000000f6e00000)
  from space 1024K, 98% used [0x00000000f6e00000,0x00000000f6efc010,0x00000000f6f00000)
  to   space 1024K, 0% used [0x00000000f6f00000,0x00000000f6f00000,0x00000000f7000000)
 ParOldGen       total 20480K, used 7228K [0x00000000e3200000, 0x00000000e4600000, 0x00000000f6600000)
  object space 20480K, 35% used [0x00000000e3200000,0x00000000e390f138,0x00000000e4600000)
 Metaspace       used 5445K, capacity 5548K, committed 5760K, reserved 1056768K
  class space    used 561K, capacity 596K, committed 640K, reserved 1048576K
Event: 3.775 GC heap after
Heap after GC invocations=4 (full 0):
 PSYoungGen      total 9216K, used 1024K [0x00000000f6600000, 0x00000000f7800000, 0x0000000100000000)
  eden space 8192K, 0% used [0x00000000f6600000,0x00000000f6600000,0x00000000f6e00000)
  from space 1024K, 100% used [0x00000000f6f00000,0x00000000f7000000,0x00000000f7000000)
  to   space 1024K, 0% used [0x00000000f6e00000,0x00000000f6e00000,0x00000000f6f00000)
 ParOldGen       total 20480K, used 11658K [0x00000000e3200000, 0x00000000e4600000, 0x00000000f6600000)
  object space 20480K, 56% used [0x00000000e3200000,0x00000000e3d62838,0x00000000e4600000)
 Metaspace       used 5445K, capacity 5548K, committed 5760K, reserved 1056768K
  class space    used 561K, capacity 596K, committed 640K, reserved 1048576K
}
Event: 4.599 GC heap before
{Heap before GC invocations=5 (full 0):
 PSYoungGen      total 9216K, used 9216K [0x00000000f6600000, 0x00000000f7800000, 0x0000000100000000)
  eden space 8192K, 100% used [0x00000000f6600000,0x00000000f6e00000,0x00000000f6e00000)
  from space 1024K, 100% used [0x00000000f6f00000,0x00000000f7000000,0x00000000f7000000)
  to   space 1024K, 0% used [0x00000000f6e00000,0x00000000f6e00000,0x00000000f6f00000)
 ParOldGen       total 20480K, used 11658K [0x00000000e3200000, 0x00000000e4600000, 0x00000000f6600000)
  object space 20480K, 56% used [0x00000000e3200000,0x00000000e3d62838,0x00000000e4600000)
 Metaspace       used 5468K, capacity 5548K, committed 5760K, reserved 1056768K
  class space    used 563K, capacity 596K, committed 640K, reserved 1048576K
Event: 4.630 GC heap after
Heap after GC invocations=5 (full 0):
 PSYoungGen      total 9216K, used 1024K [0x00000000f6600000, 0x00000000f8500000, 0x0000000100000000)
  eden space 8192K, 0% used [0x00000000f6600000,0x00000000f6600000,0x00000000f6e00000)
  from space 1024K, 100% used [0x00000000f6e00000,0x00000000f6f00000,0x00000000f6f00000)
  to   space 7680K, 0% used [0x00000000f7d80000,0x00000000f7d80000,0x00000000f8500000)
 ParOldGen       total 20480K, used 15678K [0x00000000e3200000, 0x00000000e4600000, 0x00000000f6600000)
  object space 20480K, 76% used [0x00000000e3200000,0x00000000e414fa08,0x00000000e4600000)
 Metaspace       used 5468K, capacity 5548K, committed 5760K, reserved 1056768K
  class space    used 563K, capacity 596K, committed 640K, reserved 1048576K
}
Event: 4.630 GC heap before
{Heap before GC invocations=6 (full 1):
 PSYoungGen      total 9216K, used 1024K [0x00000000f6600000, 0x00000000f8500000, 0x0000000100000000)
  eden space 8192K, 0% used [0x00000000f6600000,0x00000000f6600000,0x00000000f6e00000)
  from space 1024K, 100% used [0x00000000f6e00000,0x00000000f6f00000,0x00000000f6f00000)
  to   space 7680K, 0% used [0x00000000f7d80000,0x00000000f7d80000,0x00000000f8500000)
 ParOldGen       total 20480K, used 15678K [0x00000000e3200000, 0x00000000e4600000, 0x00000000f6600000)
  object space 20480K, 76% used [0x00000000e3200000,0x00000000e414fa08,0x00000000e4600000)
 Metaspace       used 5468K, capacity 5548K, committed 5760K, reserved 1056768K
  class space    used 563K, capacity 596K, committed 640K, reserved 1048576K

Deoptimization events (6 events):
Event: 0.569 Thread 0x00000000551a1000 Uncommon trap: reason=unstable_if action=reinterpret pc=0x00000000028fd57c method=java.io.BufferedReader.readLine(Z)Ljava/lang/String; @ 90
Event: 0.569 Thread 0x00000000551a0000 Uncommon trap: reason=unstable_if action=reinterpret pc=0x00000000028fd57c method=java.io.BufferedReader.readLine(Z)Ljava/lang/String; @ 90
Event: 0.570 Thread 0x00000000551ef000 Uncommon trap: reason=unstable_if action=reinterpret pc=0x00000000028fd57c method=java.io.BufferedReader.readLine(Z)Ljava/lang/String; @ 90
Event: 0.570 Thread 0x00000000551ef800 Uncommon trap: reason=unstable_if action=reinterpret pc=0x00000000028fd57c method=java.io.BufferedReader.readLine(Z)Ljava/lang/String; @ 90
Event: 0.570 Thread 0x00000000551f4000 Uncommon trap: reason=unstable_if action=reinterpret pc=0x00000000028fd57c method=java.io.BufferedReader.readLine(Z)Ljava/lang/String; @ 90
Event: 0.749 Thread 0x0000000055320000 Uncommon trap: reason=unstable_if action=reinterpret pc=0x000000000290a1ec method=java.io.BufferedReader.readLine(Z)Ljava/lang/String; @ 153

Internal exceptions (10 events):
Event: 4.566 Thread 0x000000008037d800 Exception <a 'java/net/ConnectException': Connection refused: connect> (0x00000000f6de2098) thrown at [C:\re\workspace\8-2-build-windows-amd64-cygwin\jdk8u51\3951\hotspot\src\share\vm\prims\jni.cpp, line 735]
Event: 4.566 Thread 0x000000008036f800 Exception <a 'java/net/ConnectException': Connection refused: connect> (0x00000000f6de28c0) thrown at [C:\re\workspace\8-2-build-windows-amd64-cygwin\jdk8u51\3951\hotspot\src\share\vm\prims\jni.cpp, line 735]
Event: 4.566 Thread 0x0000000080376000 Exception <a 'java/net/ConnectException': Connection refused: connect> (0x00000000f6de30e8) thrown at [C:\re\workspace\8-2-build-windows-amd64-cygwin\jdk8u51\3951\hotspot\src\share\vm\prims\jni.cpp, line 735]
Event: 4.570 Thread 0x0000000080392000 Exception <a 'java/net/ConnectException': Connection refused: connect> (0x00000000f6de5998) thrown at [C:\re\workspace\8-2-build-windows-amd64-cygwin\jdk8u51\3951\hotspot\src\share\vm\prims\jni.cpp, line 735]
Event: 4.572 Thread 0x0000000080395000 Exception <a 'java/net/ConnectException': Connection refused: connect> (0x00000000f6de61c0) thrown at [C:\re\workspace\8-2-build-windows-amd64-cygwin\jdk8u51\3951\hotspot\src\share\vm\prims\jni.cpp, line 735]
Event: 4.573 Thread 0x0000000080394800 Exception <a 'java/net/ConnectException': Connection refused: connect> (0x00000000f6de69e8) thrown at [C:\re\workspace\8-2-build-windows-amd64-cygwin\jdk8u51\3951\hotspot\src\share\vm\prims\jni.cpp, line 735]
Event: 4.580 Thread 0x0000000080398000 Exception <a 'java/net/ConnectException': Connection refused: connect> (0x00000000f6ded3a8) thrown at [C:\re\workspace\8-2-build-windows-amd64-cygwin\jdk8u51\3951\hotspot\src\share\vm\prims\jni.cpp, line 735]
Event: 4.581 Thread 0x0000000080397800 Exception <a 'java/net/ConnectException': Connection refused: connect> (0x00000000f6dedbd0) thrown at [C:\re\workspace\8-2-build-windows-amd64-cygwin\jdk8u51\3951\hotspot\src\share\vm\prims\jni.cpp, line 735]
Event: 4.592 Thread 0x000000008039c000 Exception <a 'java/net/ConnectException': Connection refused: connect> (0x00000000f6dfe838) thrown at [C:\re\workspace\8-2-build-windows-amd64-cygwin\jdk8u51\3951\hotspot\src\share\vm\prims\jni.cpp, line 735]
Event: 4.592 Thread 0x000000008039c800 Exception <a 'java/net/ConnectException': Connection refused: connect> (0x00000000f6dff060) thrown at [C:\re\workspace\8-2-build-windows-amd64-cygwin\jdk8u51\3951\hotspot\src\share\vm\prims\jni.cpp, line 735]

Events (10 events):
Event: 4.575 Thread 0x000000008075e000 Thread added: 0x000000008075e000
Event: 4.578 Thread 0x000000008075e800 Thread added: 0x000000008075e800
Event: 4.581 Thread 0x000000008075f800 Thread added: 0x000000008075f800
Event: 4.583 Thread 0x0000000080760000 Thread added: 0x0000000080760000
Event: 4.585 Thread 0x0000000080761000 Thread added: 0x0000000080761000
Event: 4.586 Thread 0x0000000080761800 Thread added: 0x0000000080761800
Event: 4.589 Thread 0x0000000080762800 Thread added: 0x0000000080762800
Event: 4.590 Thread 0x0000000080763000 Thread added: 0x0000000080763000
Event: 4.593 Thread 0x0000000080764000 Thread added: 0x0000000080764000
Event: 4.593 Executing VM operation: ParallelGCFailedAllocation


Dynamic libraries:
0x000000013f7b0000 - 0x000000013f7e7000 	C:\Program Files\Java\jdk1.8.0_51\bin\java.exe
0x00000000770d0000 - 0x0000000077279000 	C:\Windows\SYSTEM32\ntdll.dll
0x0000000076eb0000 - 0x0000000076fcf000 	C:\Windows\system32\kernel32.dll
0x000007fefd000000 - 0x000007fefd06c000 	C:\Windows\system32\KERNELBASE.dll
0x000007fefe510000 - 0x000007fefe5eb000 	C:\Windows\system32\ADVAPI32.dll
0x000007fefe470000 - 0x000007fefe50f000 	C:\Windows\system32\msvcrt.dll
0x000007feff110000 - 0x000007feff12f000 	C:\Windows\SYSTEM32\sechost.dll
0x000007fefe5f0000 - 0x000007fefe71d000 	C:\Windows\system32\RPCRT4.dll
0x0000000076fd0000 - 0x00000000770ca000 	C:\Windows\system32\USER32.dll
0x000007fefe760000 - 0x000007fefe7c7000 	C:\Windows\system32\GDI32.dll
0x000007fefe720000 - 0x000007fefe72e000 	C:\Windows\system32\LPK.dll
0x000007fefe9b0000 - 0x000007fefea79000 	C:\Windows\system32\USP10.dll
0x000007fefb580000 - 0x000007fefb774000 	C:\Windows\WinSxS\amd64_microsoft.windows.common-controls_6595b64144ccf1df_6.0.7601.17514_none_fa396087175ac9ac\COMCTL32.dll
0x000007fefe280000 - 0x000007fefe2f1000 	C:\Windows\system32\SHLWAPI.dll
0x000007fefe730000 - 0x000007fefe75e000 	C:\Windows\system32\IMM32.DLL
0x000007fefd340000 - 0x000007fefd449000 	C:\Windows\system32\MSCTF.dll
0x000000006f330000 - 0x000000006f402000 	C:\Program Files\Java\jdk1.8.0_51\jre\bin\msvcr100.dll
0x000000006e2f0000 - 0x000000006eb73000 	C:\Program Files\Java\jdk1.8.0_51\jre\bin\server\jvm.dll
0x000007fefbfd0000 - 0x000007fefbfd9000 	C:\Windows\system32\WSOCK32.dll
0x000007fefe950000 - 0x000007fefe99d000 	C:\Windows\system32\WS2_32.dll
0x000007fefe9a0000 - 0x000007fefe9a8000 	C:\Windows\system32\NSI.dll
0x000007fef8050000 - 0x000007fef808b000 	C:\Windows\system32\WINMM.dll
0x000007fefbd00000 - 0x000007fefbd0c000 	C:\Windows\system32\VERSION.dll
0x00000000772a0000 - 0x00000000772a7000 	C:\Windows\system32\PSAPI.DLL
0x000000006f680000 - 0x000000006f68f000 	C:\Program Files\Java\jdk1.8.0_51\jre\bin\verify.dll
0x000000006f650000 - 0x000000006f679000 	C:\Program Files\Java\jdk1.8.0_51\jre\bin\java.dll
0x000000006f630000 - 0x000000006f646000 	C:\Program Files\Java\jdk1.8.0_51\jre\bin\zip.dll
0x000007fefd450000 - 0x000007fefe1d8000 	C:\Windows\system32\SHELL32.dll
0x000007fefeea0000 - 0x000007feff0a3000 	C:\Windows\system32\ole32.dll
0x000007fefcef0000 - 0x000007fefceff000 	C:\Windows\system32\profapi.dll
0x000000006f610000 - 0x000000006f62a000 	C:\Program Files\Java\jdk1.8.0_51\jre\bin\net.dll
0x000007fefc680000 - 0x000007fefc6d5000 	C:\Windows\system32\mswsock.dll
0x000007fefc670000 - 0x000007fefc677000 	C:\Windows\System32\wship6.dll
0x000007fefbfe0000 - 0x000007fefc105000 	C:\Windows\system32\dbghelp.dll

VM Arguments:
java_command: pl.gov.coi.Main RXJAVA
java_class_path (initial): C:\Users\Praktyki\Desktop\rxjava\projektJava\target\classes;C:\Users\Praktyki\.m2\repository\com\netflix\rxjava\rxjava-core\0.20.7\rxjava-core-0.20.7.jar;C:\Users\Praktyki\.m2\repository\postgresql\postgresql\9.1-901-1.jdbc4\postgresql-9.1-901-1.jdbc4.jar;C:\Users\Praktyki\.m2\repository\org\postgresql\postgresql\9.4-1201-jdbc41\postgresql-9.4-1201-jdbc41.jar;C:\Users\Praktyki\.m2\repository\com\google\guava\guava\18.0\guava-18.0.jar;C:\Users\Praktyki\.m2\repository\org\projectlombok\lombok\1.16.4\lombok-1.16.4.jar;C:\Users\Praktyki\.m2\repository\org\springframework\spring\2.5.6.SEC03\spring-2.5.6.SEC03.jar;C:\Users\Praktyki\.m2\repository\commons-logging\commons-logging\1.1.1\commons-logging-1.1.1.jar;C:\Users\Praktyki\.m2\repository\com\github\davidmoten\rxjava-jdbc\0.6.1\rxjava-jdbc-0.6.1.jar;C:\Users\Praktyki\.m2\repository\io\reactivex\rxjava\1.0.12\rxjava-1.0.12.jar;C:\Users\Praktyki\.m2\repository\io\reactivex\rxjava-string\0.22.0\rxjava-string-0.22.0.jar;C:\Users\Praktyki\.m2\repository\io\reactivex\rxjava-math\1.0.0\rxjava-math-1.0.0.jar;C:\Users\Praktyki\.m2\repository\com\github\davidmoten\rxjava-extras\0.5.2\rxjava-extras-0.5.2.jar;C:\Users\Praktyki\.m2\repository\commons-io\commons-io\2.4\commons-io-2.4.jar;C:\Users\Praktyki\.m2\repository\org\slf4j\jcl-over-slf4j\1.7.0\jcl-over-slf4j-1.7.0.jar;C:\Users\Praktyki\.m2\repository\org\slf4j\slf4j-api\1.7.0\slf4j-api-1.7.0.jar;C:\Users\Praktyki\.m2\repository\org\slf4j\slf4j-log4j12\1.7.0\slf4j-log4j12-1.7.0.jar;C:\Users\Praktyki\.m2\repository\log4j\log4j\1.2.14\log4j-1.2.14.jar
Launcher Type: SUN_STANDARD

Environment Variables:
JAVA_HOME=C:\Program Files\Java\jdk1.8.0_51
PATH=C:\ProgramData\Oracle\Java\javapath;C:\Program Files\Common Files\Microsoft Shared\Windows Live;C:\Program Files (x86)\Common Files\Microsoft Shared\Windows Live;C:\Windows\system32;C:\Windows;C:\Windows\System32\Wbem;C:\Windows\System32\WindowsPowerShell\v1.0\;C:\Program Files\Lenovo\Bluetooth Software\;C:\Program Files\Lenovo\Bluetooth Software\syswow64;C:\Program Files (x86)\EgisTec BioExcess\;C:\Program Files (x86)\EgisTec BioExcess\x64;C:\Program Files (x86)\Windows Live\Shared;C:\Program Files\Apache\maven\bin;C:\Users\Praktyki\Desktop\apache-tomcat-8.0.24\apache-tomcat-8.0.24\bin;C:\Python27\;
USERNAME=Praktyki
OS=Windows_NT
PROCESSOR_IDENTIFIER=Intel64 Family 6 Model 37 Stepping 5, GenuineIntel



---------------  S Y S T E M  ---------------

OS: Windows 7 , 64 bit Build 7601 (6.1.7601.18409)

CPU:total 4 (2 cores per cpu, 2 threads per core) family 6 model 37 stepping 5, cmov, cx8, fxsr, mmx, sse, sse2, sse3, ssse3, sse4.1, sse4.2, popcnt, ht, tsc, tscinvbit

Memory: 4k page, physical 1888780k(499560k free), swap 4336980k(1651676k free)

vm_info: Java HotSpot(TM) 64-Bit Server VM (25.51-b03) for windows-amd64 JRE (1.8.0_51-b16), built on Jun  8 2015 18:03:07 by "java_re" with MS VC++ 10.0 (VS2010)

time: Fri Aug 21 08:15:08 2015
elapsed time: 13 seconds (0d 0h 0m 13s)

